<?xml version="1.0" encoding="UTF-8"?>
<!-- Generated by org.testng.reporters.JUnitReportReporter -->
<testsuite hostname="PureBook-S14" failures="0" tests="1" name="StepsDefination.Runner" time="13.205" errors="0" timestamp="2024-06-23T16:46:56 IST" skipped="0">
  <testcase classname="StepsDefination.Runner" name="runScenario" time="13.205"/>
  <system-out/>
</testsuite> <!-- StepsDefination.Runner -->
